<?xml version="1.0" encoding="UTF-8"?>
<!-- Generated by org.testng.reporters.JUnitReportReporter -->
<testsuite hostname="Sathya" failures="0" tests="1" name="testCase.TC_002_LoginTest" time="1.551" errors="0" timestamp="2023-09-04T16:33:22 MST" skipped="0">
  <testcase classname="testCase.TC_002_LoginTest" name="test_Login" time="1.551"/>
</testsuite> <!-- testCase.TC_002_LoginTest -->
